This file contains any messages produced by compilers while
running configure, to aid debugging if configure makes a mistake.

It was created by libenet configure 1.3.0, which was
generated by GNU Autoconf 2.65.  Invocation command line was

  $ ./configure --enable-shared=no --enable-static=yes --no-create --no-recursion

## --------- ##
## Platform. ##
## --------- ##

hostname = morgan-desktop
uname -m = x86_64
uname -r = 2.6.32-23-generic
uname -s = Linux
uname -v = #37-Ubuntu SMP Fri Jun 11 08:03:28 UTC 2010

/usr/bin/uname -p = unknown
/bin/uname -X     = unknown

/bin/arch              = unknown
/usr/bin/arch -k       = unknown
/usr/convex/getsysinfo = unknown
/usr/bin/hostinfo      = unknown
/bin/machine           = unknown
/usr/bin/oslevel       = unknown
/bin/universe          = unknown

PATH: /usr/local/sbin
PATH: /usr/local/bin
PATH: /usr/sbin
PATH: /usr/bin
PATH: /sbin
PATH: /bin
PATH: /usr/games


## ----------- ##
## Core tests. ##
## ----------- ##

configure:2364: checking for a BSD-compatible install
configure:2432: result: /usr/bin/install -c
configure:2443: checking whether build environment is sane
configure:2493: result: yes
configure:2634: checking for a thread-safe mkdir -p
configure:2673: result: /bin/mkdir -p
configure:2686: checking for gawk
configure:2702: found /usr/bin/gawk
configure:2713: result: gawk
configure:2724: checking whether make sets $(MAKE)
configure:2746: result: yes
configure:2827: checking whether to disable maintainer-specific portions of Makefiles
configure:2836: result: yes
configure:2900: checking for gcc
configure:2916: found /usr/bin/gcc
configure:2927: result: gcc
configure:3156: checking for C compiler version
configure:3165: gcc --version >&5
gcc (Ubuntu 4.4.3-4ubuntu5) 4.4.3
Copyright (C) 2009 Free Software Foundation, Inc.
This is free software; see the source for copying conditions.  There is NO
warranty; not even for MERCHANTABILITY or FITNESS FOR A PARTICULAR PURPOSE.

configure:3176: $? = 0
configure:3165: gcc -v >&5
Using built-in specs.
Target: x86_64-linux-gnu
Configured with: ../src/configure -v --with-pkgversion='Ubuntu 4.4.3-4ubuntu5' --with-bugurl=file:///usr/share/doc/gcc-4.4/README.Bugs --enable-languages=c,c++,fortran,objc,obj-c++ --prefix=/usr --enable-shared --enable-multiarch --enable-linker-build-id --with-system-zlib --libexecdir=/usr/lib --without-included-gettext --enable-threads=posix --with-gxx-include-dir=/usr/include/c++/4.4 --program-suffix=-4.4 --enable-nls --enable-clocale=gnu --enable-libstdcxx-debug --enable-plugin --enable-objc-gc --disable-werror --with-arch-32=i486 --with-tune=generic --enable-checking=release --build=x86_64-linux-gnu --host=x86_64-linux-gnu --target=x86_64-linux-gnu
Thread model: posix
gcc version 4.4.3 (Ubuntu 4.4.3-4ubuntu5) 
configure:3176: $? = 0
configure:3165: gcc -V >&5
gcc: '-V' option must have argument
configure:3176: $? = 1
configure:3165: gcc -qversion >&5
gcc: unrecognized option '-qversion'
gcc: no input files
configure:3176: $? = 1
configure:3196: checking whether the C compiler works
configure:3218: gcc    conftest.c  >&5
configure:3222: $? = 0
configure:3271: result: yes
configure:3274: checking for C compiler default output file name
configure:3276: result: a.out
configure:3282: checking for suffix of executables
configure:3289: gcc -o conftest    conftest.c  >&5
configure:3293: $? = 0
configure:3315: result: 
configure:3337: checking whether we are cross compiling
configure:3345: gcc -o conftest    conftest.c  >&5
configure:3349: $? = 0
configure:3356: ./conftest
configure:3360: $? = 0
configure:3375: result: no
configure:3380: checking for suffix of object files
configure:3402: gcc -c   conftest.c >&5
configure:3406: $? = 0
configure:3427: result: o
configure:3431: checking whether we are using the GNU C compiler
configure:3450: gcc -c   conftest.c >&5
configure:3450: $? = 0
configure:3459: result: yes
configure:3468: checking whether gcc accepts -g
configure:3488: gcc -c -g  conftest.c >&5
configure:3488: $? = 0
configure:3529: result: yes
configure:3546: checking for gcc option to accept ISO C89
configure:3610: gcc  -c -g -O2  conftest.c >&5
configure:3610: $? = 0
configure:3623: result: none needed
configure:3654: checking for style of include used by make
configure:3682: result: GNU
configure:3707: checking dependency style of gcc
configure:3817: result: gcc3
configure:3861: checking build system type
configure:3875: result: x86_64-unknown-linux-gnu
configure:3895: checking host system type
configure:3908: result: x86_64-unknown-linux-gnu
configure:3928: checking for a sed that does not truncate output
configure:3992: result: /bin/sed
configure:4010: checking for grep that handles long lines and -e
configure:4068: result: /bin/grep
configure:4073: checking for egrep
configure:4135: result: /bin/grep -E
configure:4140: checking for fgrep
configure:4202: result: /bin/grep -F
configure:4237: checking for ld used by gcc
configure:4304: result: /usr/bin/ld
configure:4311: checking if the linker (/usr/bin/ld) is GNU ld
configure:4326: result: yes
configure:4338: checking for BSD- or MS-compatible name lister (nm)
configure:4387: result: /usr/bin/nm -B
configure:4505: checking the name lister (/usr/bin/nm -B) interface
configure:4512: gcc -c -g -O2  conftest.c >&5
configure:4515: /usr/bin/nm -B "conftest.o"
configure:4518: output
0000000000000000 B some_variable
configure:4525: result: BSD nm
configure:4528: checking whether ln -s works
configure:4532: result: yes
configure:4540: checking the maximum length of command line arguments
configure:4660: result: 3458764513820540925
configure:4677: checking whether the shell understands some XSI constructs
configure:4687: result: yes
configure:4691: checking whether the shell understands "+="
configure:4697: result: yes
configure:4732: checking for /usr/bin/ld option to reload object files
configure:4739: result: -r
configure:4808: checking for objdump
configure:4824: found /usr/bin/objdump
configure:4835: result: objdump
configure:4867: checking how to recognize dependent libraries
configure:5063: result: pass_all
configure:5123: checking for ar
configure:5139: found /usr/bin/ar
configure:5150: result: ar
configure:5228: checking for strip
configure:5244: found /usr/bin/strip
configure:5255: result: strip
configure:5327: checking for ranlib
configure:5343: found /usr/bin/ranlib
configure:5354: result: ranlib
configure:5444: checking command to parse /usr/bin/nm -B output from gcc object
configure:5562: gcc -c -g -O2  conftest.c >&5
configure:5565: $? = 0
configure:5569: /usr/bin/nm -B conftest.o \| sed -n -e 's/^.*[	 ]\([ABCDGIRSTW][ABCDGIRSTW]*\)[	 ][	 ]*\([_A-Za-z][_A-Za-z0-9]*\)$/\1 \2 \2/p' \> conftest.nm
configure:5572: $? = 0
configure:5626: gcc -o conftest -g -O2   conftest.c conftstm.o >&5
configure:5629: $? = 0
configure:5667: result: ok
configure:5763: gcc -c -g -O2  conftest.c >&5
configure:5766: $? = 0
configure:6476: checking how to run the C preprocessor
configure:6507: gcc -E  conftest.c
configure:6507: $? = 0
configure:6521: gcc -E  conftest.c
conftest.c:11:28: error: ac_nonexistent.h: No such file or directory
configure:6521: $? = 1
configure: failed program was:
| /* confdefs.h */
| #define PACKAGE_NAME "libenet"
| #define PACKAGE_TARNAME "libenet"
| #define PACKAGE_VERSION "1.3.0"
| #define PACKAGE_STRING "libenet 1.3.0"
| #define PACKAGE_BUGREPORT ""
| #define PACKAGE_URL ""
| #define PACKAGE "libenet"
| #define VERSION "1.3.0"
| /* end confdefs.h.  */
| #include <ac_nonexistent.h>
configure:6546: result: gcc -E
configure:6566: gcc -E  conftest.c
configure:6566: $? = 0
configure:6580: gcc -E  conftest.c
conftest.c:11:28: error: ac_nonexistent.h: No such file or directory
configure:6580: $? = 1
configure: failed program was:
| /* confdefs.h */
| #define PACKAGE_NAME "libenet"
| #define PACKAGE_TARNAME "libenet"
| #define PACKAGE_VERSION "1.3.0"
| #define PACKAGE_STRING "libenet 1.3.0"
| #define PACKAGE_BUGREPORT ""
| #define PACKAGE_URL ""
| #define PACKAGE "libenet"
| #define VERSION "1.3.0"
| /* end confdefs.h.  */
| #include <ac_nonexistent.h>
configure:6609: checking for ANSI C header files
configure:6629: gcc -c -g -O2  conftest.c >&5
configure:6629: $? = 0
configure:6702: gcc -o conftest -g -O2   conftest.c  >&5
configure:6702: $? = 0
configure:6702: ./conftest
configure:6702: $? = 0
configure:6713: result: yes
configure:6726: checking for sys/types.h
configure:6726: gcc -c -g -O2  conftest.c >&5
configure:6726: $? = 0
configure:6726: result: yes
configure:6726: checking for sys/stat.h
configure:6726: gcc -c -g -O2  conftest.c >&5
configure:6726: $? = 0
configure:6726: result: yes
configure:6726: checking for stdlib.h
configure:6726: gcc -c -g -O2  conftest.c >&5
configure:6726: $? = 0
configure:6726: result: yes
configure:6726: checking for string.h
configure:6726: gcc -c -g -O2  conftest.c >&5
configure:6726: $? = 0
configure:6726: result: yes
configure:6726: checking for memory.h
configure:6726: gcc -c -g -O2  conftest.c >&5
configure:6726: $? = 0
configure:6726: result: yes
configure:6726: checking for strings.h
configure:6726: gcc -c -g -O2  conftest.c >&5
configure:6726: $? = 0
configure:6726: result: yes
configure:6726: checking for inttypes.h
configure:6726: gcc -c -g -O2  conftest.c >&5
configure:6726: $? = 0
configure:6726: result: yes
configure:6726: checking for stdint.h
configure:6726: gcc -c -g -O2  conftest.c >&5
configure:6726: $? = 0
configure:6726: result: yes
configure:6726: checking for unistd.h
configure:6726: gcc -c -g -O2  conftest.c >&5
configure:6726: $? = 0
configure:6726: result: yes
configure:6741: checking for dlfcn.h
configure:6741: gcc -c -g -O2  conftest.c >&5
configure:6741: $? = 0
configure:6741: result: yes
configure:6925: checking for objdir
configure:6940: result: .libs
configure:7236: checking if gcc supports -fno-rtti -fno-exceptions
configure:7254: gcc -c -g -O2  -fno-rtti -fno-exceptions conftest.c >&5
cc1: warning: command line option "-fno-rtti" is valid for C++/ObjC++ but not for C
configure:7258: $? = 0
configure:7271: result: no
configure:7291: checking for gcc option to produce PIC
configure:7563: result: -fPIC -DPIC
configure:7575: checking if gcc PIC flag -fPIC -DPIC works
configure:7593: gcc -c -g -O2  -fPIC -DPIC -DPIC conftest.c >&5
configure:7597: $? = 0
configure:7610: result: yes
configure:7634: checking if gcc static flag -static works
configure:7662: result: yes
configure:7677: checking if gcc supports -c -o file.o
configure:7698: gcc -c -g -O2  -o out/conftest2.o conftest.c >&5
configure:7702: $? = 0
configure:7724: result: yes
configure:7732: checking if gcc supports -c -o file.o
configure:7779: result: yes
configure:7812: checking whether the gcc linker (/usr/bin/ld -m elf_x86_64) supports shared libraries
configure:8803: result: yes
configure:9042: checking dynamic linker characteristics
configure:9475: gcc -o conftest -g -O2   -Wl,-rpath -Wl,/foo conftest.c  >&5
configure:9475: $? = 0
configure:9705: result: GNU/Linux ld.so
configure:9807: checking how to hardcode library paths into programs
configure:9832: result: immediate
configure:10352: checking whether stripping libraries is possible
configure:10357: result: yes
configure:10392: checking if libtool supports shared libraries
configure:10394: result: yes
configure:10397: checking whether to build shared libraries
configure:10418: result: no
configure:10421: checking whether to build static libraries
configure:10425: result: yes
configure:10461: checking for gethostbyaddr_r
configure:10461: gcc -o conftest -g -O2   conftest.c  >&5
configure:10461: $? = 0
configure:10461: result: yes
configure:10467: checking for gethostbyname_r
configure:10467: gcc -o conftest -g -O2   conftest.c  >&5
configure:10467: $? = 0
configure:10467: result: yes
configure:10473: checking for poll
configure:10473: gcc -o conftest -g -O2   conftest.c  >&5
configure:10473: $? = 0
configure:10473: result: yes
configure:10479: checking for fcntl
configure:10479: gcc -o conftest -g -O2   conftest.c  >&5
configure:10479: $? = 0
configure:10479: result: yes
configure:10485: checking for inet_pton
configure:10485: gcc -o conftest -g -O2   conftest.c  >&5
configure:10485: $? = 0
configure:10485: result: yes
configure:10491: checking for inet_ntop
configure:10491: gcc -o conftest -g -O2   conftest.c  >&5
configure:10491: $? = 0
configure:10491: result: yes
configure:10498: checking for struct msghdr.msg_flags
configure:10498: gcc -c -g -O2  conftest.c >&5
configure:10498: $? = 0
configure:10498: result: yes
configure:10506: checking for socklen_t
configure:10506: gcc -c -g -O2  conftest.c >&5
configure:10506: $? = 0
configure:10506: gcc -c -g -O2  conftest.c >&5
conftest.c: In function 'main':
conftest.c:37: error: expected expression before ')' token
configure:10506: $? = 1
configure: failed program was:
| /* confdefs.h */
| #define PACKAGE_NAME "libenet"
| #define PACKAGE_TARNAME "libenet"
| #define PACKAGE_VERSION "1.3.0"
| #define PACKAGE_STRING "libenet 1.3.0"
| #define PACKAGE_BUGREPORT ""
| #define PACKAGE_URL ""
| #define PACKAGE "libenet"
| #define VERSION "1.3.0"
| #define STDC_HEADERS 1
| #define HAVE_SYS_TYPES_H 1
| #define HAVE_SYS_STAT_H 1
| #define HAVE_STDLIB_H 1
| #define HAVE_STRING_H 1
| #define HAVE_MEMORY_H 1
| #define HAVE_STRINGS_H 1
| #define HAVE_INTTYPES_H 1
| #define HAVE_STDINT_H 1
| #define HAVE_UNISTD_H 1
| #define HAVE_DLFCN_H 1
| #define LT_OBJDIR ".libs/"
| #define HAS_GETHOSTBYADDR_R 1
| #define HAS_GETHOSTBYNAME_R 1
| #define HAS_POLL 1
| #define HAS_FCNTL 1
| #define HAS_INET_PTON 1
| #define HAS_INET_NTOP 1
| #define HAS_MSGHDR_FLAGS 1
| /* end confdefs.h.  */
| #include <sys/types.h>
|               #include <sys/socket.h>
| 
| 
| int
| main ()
| {
| if (sizeof ((socklen_t)))
| 	    return 0;
|   ;
|   return 0;
| }
configure:10506: result: yes
conftest.c:31:20: error: socket.h: No such file or directory
configure:10701: creating ./config.status

## ---------------- ##
## Cache variables. ##
## ---------------- ##

ac_cv_build=x86_64-unknown-linux-gnu
ac_cv_c_compiler_gnu=yes
ac_cv_env_CC_set=
ac_cv_env_CC_value=
ac_cv_env_CFLAGS_set=
ac_cv_env_CFLAGS_value=
ac_cv_env_CPPFLAGS_set=
ac_cv_env_CPPFLAGS_value=
ac_cv_env_CPP_set=
ac_cv_env_CPP_value=
ac_cv_env_LDFLAGS_set=
ac_cv_env_LDFLAGS_value=
ac_cv_env_LIBS_set=
ac_cv_env_LIBS_value=
ac_cv_env_build_alias_set=
ac_cv_env_build_alias_value=
ac_cv_env_host_alias_set=
ac_cv_env_host_alias_value=
ac_cv_env_target_alias_set=
ac_cv_env_target_alias_value=
ac_cv_func_fcntl=yes
ac_cv_func_gethostbyaddr_r=yes
ac_cv_func_gethostbyname_r=yes
ac_cv_func_inet_ntop=yes
ac_cv_func_inet_pton=yes
ac_cv_func_poll=yes
ac_cv_header_dlfcn_h=yes
ac_cv_header_inttypes_h=yes
ac_cv_header_memory_h=yes
ac_cv_header_stdc=yes
ac_cv_header_stdint_h=yes
ac_cv_header_stdlib_h=yes
ac_cv_header_string_h=yes
ac_cv_header_strings_h=yes
ac_cv_header_sys_stat_h=yes
ac_cv_header_sys_types_h=yes
ac_cv_header_unistd_h=yes
ac_cv_host=x86_64-unknown-linux-gnu
ac_cv_member_struct_msghdr_msg_flags=yes
ac_cv_objext=o
ac_cv_path_EGREP='/bin/grep -E'
ac_cv_path_FGREP='/bin/grep -F'
ac_cv_path_GREP=/bin/grep
ac_cv_path_SED=/bin/sed
ac_cv_path_install='/usr/bin/install -c'
ac_cv_path_mkdir=/bin/mkdir
ac_cv_prog_AWK=gawk
ac_cv_prog_CPP='gcc -E'
ac_cv_prog_ac_ct_AR=ar
ac_cv_prog_ac_ct_CC=gcc
ac_cv_prog_ac_ct_OBJDUMP=objdump
ac_cv_prog_ac_ct_RANLIB=ranlib
ac_cv_prog_ac_ct_STRIP=strip
ac_cv_prog_cc_c89=
ac_cv_prog_cc_g=yes
ac_cv_prog_make_make_set=yes
ac_cv_type_socklen_t=yes
am_cv_CC_dependencies_compiler_type=gcc3
lt_cv_deplibs_check_method=pass_all
lt_cv_file_magic_cmd='$MAGIC_CMD'
lt_cv_file_magic_test_file=
lt_cv_ld_reload_flag=-r
lt_cv_nm_interface='BSD nm'
lt_cv_objdir=.libs
lt_cv_path_LD=/usr/bin/ld
lt_cv_path_NM='/usr/bin/nm -B'
lt_cv_prog_compiler_c_o=yes
lt_cv_prog_compiler_pic_works=yes
lt_cv_prog_compiler_rtti_exceptions=no
lt_cv_prog_compiler_static_works=yes
lt_cv_prog_gnu_ld=yes
lt_cv_sys_global_symbol_pipe='sed -n -e '\''s/^.*[	 ]\([ABCDGIRSTW][ABCDGIRSTW]*\)[	 ][	 ]*\([_A-Za-z][_A-Za-z0-9]*\)$/\1 \2 \2/p'\'''
lt_cv_sys_global_symbol_to_c_name_address='sed -n -e '\''s/^: \([^ ]*\) $/  {\"\1\", (void *) 0},/p'\'' -e '\''s/^[ABCDGIRSTW]* \([^ ]*\) \([^ ]*\)$/  {"\2", (void *) \&\2},/p'\'''
lt_cv_sys_global_symbol_to_c_name_address_lib_prefix='sed -n -e '\''s/^: \([^ ]*\) $/  {\"\1\", (void *) 0},/p'\'' -e '\''s/^[ABCDGIRSTW]* \([^ ]*\) \(lib[^ ]*\)$/  {"\2", (void *) \&\2},/p'\'' -e '\''s/^[ABCDGIRSTW]* \([^ ]*\) \([^ ]*\)$/  {"lib\2", (void *) \&\2},/p'\'''
lt_cv_sys_global_symbol_to_cdecl='sed -n -e '\''s/^T .* \(.*\)$/extern int \1();/p'\'' -e '\''s/^[ABCDGIRSTW]* .* \(.*\)$/extern char \1;/p'\'''
lt_cv_sys_max_cmd_len=3458764513820540925

## ----------------- ##
## Output variables. ##
## ----------------- ##

ACLOCAL='${SHELL} /home/morgan/Desktop/sauerbraten/src/enet/missing --run aclocal-1.11'
AMDEPBACKSLASH='\'
AMDEP_FALSE='#'
AMDEP_TRUE=''
AMTAR='${SHELL} /home/morgan/Desktop/sauerbraten/src/enet/missing --run tar'
AR='ar'
AUTOCONF='${SHELL} /home/morgan/Desktop/sauerbraten/src/enet/missing --run autoconf'
AUTOHEADER='${SHELL} /home/morgan/Desktop/sauerbraten/src/enet/missing --run autoheader'
AUTOMAKE='${SHELL} /home/morgan/Desktop/sauerbraten/src/enet/missing --run automake-1.11'
AWK='gawk'
CC='gcc'
CCDEPMODE='depmode=gcc3'
CFLAGS='-g -O2'
CPP='gcc -E'
CPPFLAGS=''
CYGPATH_W='echo'
DEFS='-DPACKAGE_NAME=\"libenet\" -DPACKAGE_TARNAME=\"libenet\" -DPACKAGE_VERSION=\"1.3.0\" -DPACKAGE_STRING=\"libenet\ 1.3.0\" -DPACKAGE_BUGREPORT=\"\" -DPACKAGE_URL=\"\" -DPACKAGE=\"libenet\" -DVERSION=\"1.3.0\" -DSTDC_HEADERS=1 -DHAVE_SYS_TYPES_H=1 -DHAVE_SYS_STAT_H=1 -DHAVE_STDLIB_H=1 -DHAVE_STRING_H=1 -DHAVE_MEMORY_H=1 -DHAVE_STRINGS_H=1 -DHAVE_INTTYPES_H=1 -DHAVE_STDINT_H=1 -DHAVE_UNISTD_H=1 -DHAVE_DLFCN_H=1 -DLT_OBJDIR=\".libs/\" -DHAS_GETHOSTBYADDR_R=1 -DHAS_GETHOSTBYNAME_R=1 -DHAS_POLL=1 -DHAS_FCNTL=1 -DHAS_INET_PTON=1 -DHAS_INET_NTOP=1 -DHAS_MSGHDR_FLAGS=1 -DHAS_SOCKLEN_T=1'
DEPDIR='.deps'
DSYMUTIL=''
DUMPBIN=''
ECHO_C=''
ECHO_N='-n'
ECHO_T=''
EGREP='/bin/grep -E'
EXEEXT=''
FGREP='/bin/grep -F'
GREP='/bin/grep'
INSTALL_DATA='${INSTALL} -m 644'
INSTALL_PROGRAM='${INSTALL}'
INSTALL_SCRIPT='${INSTALL}'
INSTALL_STRIP_PROGRAM='$(install_sh) -c -s'
LD='/usr/bin/ld -m elf_x86_64'
LDFLAGS=''
LIBOBJS=''
LIBS=''
LIBTOOL='$(SHELL) $(top_builddir)/libtool'
LIPO=''
LN_S='ln -s'
LTLIBOBJS=''
MAINT=''
MAINTAINER_MODE_FALSE='#'
MAINTAINER_MODE_TRUE=''
MAKEINFO='${SHELL} /home/morgan/Desktop/sauerbraten/src/enet/missing --run makeinfo'
MKDIR_P='/bin/mkdir -p'
NM='/usr/bin/nm -B'
NMEDIT=''
OBJDUMP='objdump'
OBJEXT='o'
OTOOL64=''
OTOOL=''
PACKAGE='libenet'
PACKAGE_BUGREPORT=''
PACKAGE_NAME='libenet'
PACKAGE_STRING='libenet 1.3.0'
PACKAGE_TARNAME='libenet'
PACKAGE_URL=''
PACKAGE_VERSION='1.3.0'
PATH_SEPARATOR=':'
RANLIB='ranlib'
SED='/bin/sed'
SET_MAKE=''
SHELL='/bin/bash'
STRIP='strip'
VERSION='1.3.0'
ac_ct_CC='gcc'
ac_ct_DUMPBIN=''
am__EXEEXT_FALSE=''
am__EXEEXT_TRUE='#'
am__fastdepCC_FALSE='#'
am__fastdepCC_TRUE=''
am__include='include'
am__isrc=''
am__leading_dot='.'
am__quote=''
am__tar='${AMTAR} chof - "$$tardir"'
am__untar='${AMTAR} xf -'
bindir='${exec_prefix}/bin'
build='x86_64-unknown-linux-gnu'
build_alias=''
build_cpu='x86_64'
build_os='linux-gnu'
build_vendor='unknown'
datadir='${datarootdir}'
datarootdir='${prefix}/share'
docdir='${datarootdir}/doc/${PACKAGE_TARNAME}'
dvidir='${docdir}'
exec_prefix='${prefix}'
host='x86_64-unknown-linux-gnu'
host_alias=''
host_cpu='x86_64'
host_os='linux-gnu'
host_vendor='unknown'
htmldir='${docdir}'
includedir='${prefix}/include'
infodir='${datarootdir}/info'
install_sh='${SHELL} /home/morgan/Desktop/sauerbraten/src/enet/install-sh'
libdir='${exec_prefix}/lib'
libexecdir='${exec_prefix}/libexec'
localedir='${datarootdir}/locale'
localstatedir='${prefix}/var'
lt_ECHO='echo'
mandir='${datarootdir}/man'
mkdir_p='/bin/mkdir -p'
oldincludedir='/usr/include'
pdfdir='${docdir}'
prefix='/usr/local'
program_transform_name='s,x,x,'
psdir='${docdir}'
sbindir='${exec_prefix}/sbin'
sharedstatedir='${prefix}/com'
sysconfdir='${prefix}/etc'
target_alias=''

## ----------- ##
## confdefs.h. ##
## ----------- ##

/* confdefs.h */
#define PACKAGE_NAME "libenet"
#define PACKAGE_TARNAME "libenet"
#define PACKAGE_VERSION "1.3.0"
#define PACKAGE_STRING "libenet 1.3.0"
#define PACKAGE_BUGREPORT ""
#define PACKAGE_URL ""
#define PACKAGE "libenet"
#define VERSION "1.3.0"
#define STDC_HEADERS 1
#define HAVE_SYS_TYPES_H 1
#define HAVE_SYS_STAT_H 1
#define HAVE_STDLIB_H 1
#define HAVE_STRING_H 1
#define HAVE_MEMORY_H 1
#define HAVE_STRINGS_H 1
#define HAVE_INTTYPES_H 1
#define HAVE_STDINT_H 1
#define HAVE_UNISTD_H 1
#define HAVE_DLFCN_H 1
#define LT_OBJDIR ".libs/"
#define HAS_GETHOSTBYADDR_R 1
#define HAS_GETHOSTBYNAME_R 1
#define HAS_POLL 1
#define HAS_FCNTL 1
#define HAS_INET_PTON 1
#define HAS_INET_NTOP 1
#define HAS_MSGHDR_FLAGS 1
#define HAS_SOCKLEN_T 1

configure: exit 0

## ---------------------- ##
## Running config.status. ##
## ---------------------- ##

This file was extended by libenet config.status 1.3.0, which was
generated by GNU Autoconf 2.65.  Invocation command line was

  CONFIG_FILES    = 
  CONFIG_HEADERS  = 
  CONFIG_LINKS    = 
  CONFIG_COMMANDS = 
  $ ./config.status 

on morgan-desktop

config.status:989: creating Makefile
config.status:989: creating libenet.pc
config.status:1152: executing depfiles commands
config.status:1152: executing libtool commands
